mode: atomic
github.com/orangesys/orangeapi/pkg/config/config.go:27.51,30.16 3 0
github.com/orangesys/orangeapi/pkg/config/config.go:33.2,33.31 1 0
github.com/orangesys/orangeapi/pkg/config/config.go:36.2,36.21 1 0
github.com/orangesys/orangeapi/pkg/config/config.go:30.16,32.3 1 0
github.com/orangesys/orangeapi/pkg/config/config.go:33.31,35.3 1 0
github.com/orangesys/orangeapi/pkg/config/config.go:40.59,43.16 3 0
github.com/orangesys/orangeapi/pkg/config/config.go:46.2,46.21 1 0
github.com/orangesys/orangeapi/pkg/config/config.go:43.16,45.3 1 0
github.com/orangesys/orangeapi/pkg/common/jwt.go:14.50,20.16 5 0
github.com/orangesys/orangeapi/pkg/common/jwt.go:23.2,23.25 1 0
github.com/orangesys/orangeapi/pkg/common/jwt.go:20.16,22.3 1 0
github.com/orangesys/orangeapi/pkg/common/releasename.go:8.27,12.26 4 0
github.com/orangesys/orangeapi/pkg/common/releasename.go:15.2,15.22 1 0
github.com/orangesys/orangeapi/pkg/common/releasename.go:12.26,14.3 1 0
github.com/orangesys/orangeapi/pkg/common/uuid.go:10.29,13.34 3 0
github.com/orangesys/orangeapi/pkg/common/uuid.go:17.2,21.37 3 0
github.com/orangesys/orangeapi/pkg/common/uuid.go:13.34,15.3 1 0
github.com/orangesys/orangeapi/pkg/firebase/firebase.go:19.51,23.16 4 0
github.com/orangesys/orangeapi/pkg/firebase/firebase.go:26.2,26.14 1 0
github.com/orangesys/orangeapi/pkg/firebase/firebase.go:29.2,29.12 1 0
github.com/orangesys/orangeapi/pkg/firebase/firebase.go:23.16,25.3 1 0
github.com/orangesys/orangeapi/pkg/firebase/firebase.go:26.14,28.3 1 0
github.com/orangesys/orangeapi/pkg/firebase/firebase.go:33.51,38.16 4 0
github.com/orangesys/orangeapi/pkg/firebase/firebase.go:41.2,41.12 1 0
github.com/orangesys/orangeapi/pkg/firebase/firebase.go:38.16,40.3 1 0
github.com/orangesys/orangeapi/pkg/k8s/k8s.go:8.61,10.16 2 0
github.com/orangesys/orangeapi/pkg/k8s/k8s.go:13.2,15.16 3 0
github.com/orangesys/orangeapi/pkg/k8s/k8s.go:18.2,18.23 1 0
github.com/orangesys/orangeapi/pkg/k8s/k8s.go:10.16,12.3 1 0
github.com/orangesys/orangeapi/pkg/k8s/k8s.go:15.16,17.3 1 0
github.com/orangesys/orangeapi/pkg/k8s/kubernetes.go:68.63,71.16 3 0
github.com/orangesys/orangeapi/pkg/k8s/kubernetes.go:75.2,75.28 1 0
github.com/orangesys/orangeapi/pkg/k8s/kubernetes.go:79.2,79.28 1 0
github.com/orangesys/orangeapi/pkg/k8s/kubernetes.go:83.2,84.16 2 0
github.com/orangesys/orangeapi/pkg/k8s/kubernetes.go:87.2,90.50 3 0
github.com/orangesys/orangeapi/pkg/k8s/kubernetes.go:94.2,94.17 1 0
github.com/orangesys/orangeapi/pkg/k8s/kubernetes.go:71.16,73.3 1 0
github.com/orangesys/orangeapi/pkg/k8s/kubernetes.go:75.28,77.3 1 0
github.com/orangesys/orangeapi/pkg/k8s/kubernetes.go:79.28,81.3 1 0
github.com/orangesys/orangeapi/pkg/k8s/kubernetes.go:84.16,86.3 1 0
github.com/orangesys/orangeapi/pkg/k8s/kubernetes.go:90.50,92.3 1 0
github.com/orangesys/orangeapi/pkg/k8s/kubernetes.go:97.57,100.16 3 0
github.com/orangesys/orangeapi/pkg/k8s/kubernetes.go:104.2,104.28 1 0
github.com/orangesys/orangeapi/pkg/k8s/kubernetes.go:108.2,108.28 1 0
github.com/orangesys/orangeapi/pkg/k8s/kubernetes.go:112.2,113.16 2 0
github.com/orangesys/orangeapi/pkg/k8s/kubernetes.go:116.2,120.16 4 0
github.com/orangesys/orangeapi/pkg/k8s/kubernetes.go:124.2,124.16 1 0
github.com/orangesys/orangeapi/pkg/k8s/kubernetes.go:100.16,102.3 1 0
github.com/orangesys/orangeapi/pkg/k8s/kubernetes.go:104.28,106.3 1 0
github.com/orangesys/orangeapi/pkg/k8s/kubernetes.go:108.28,110.3 1 0
github.com/orangesys/orangeapi/pkg/k8s/kubernetes.go:113.16,115.3 1 0
github.com/orangesys/orangeapi/pkg/k8s/kubernetes.go:120.16,122.3 1 0
github.com/orangesys/orangeapi/pkg/k8s/kubernetes.go:127.62,131.16 3 0
github.com/orangesys/orangeapi/pkg/k8s/kubernetes.go:134.2,134.28 1 0
github.com/orangesys/orangeapi/pkg/k8s/kubernetes.go:138.2,139.16 2 0
github.com/orangesys/orangeapi/pkg/k8s/kubernetes.go:142.2,146.16 4 0
github.com/orangesys/orangeapi/pkg/k8s/kubernetes.go:149.2,149.17 1 0
github.com/orangesys/orangeapi/pkg/k8s/kubernetes.go:131.16,133.3 1 0
github.com/orangesys/orangeapi/pkg/k8s/kubernetes.go:134.28,136.3 1 0
github.com/orangesys/orangeapi/pkg/k8s/kubernetes.go:139.16,141.3 1 0
github.com/orangesys/orangeapi/pkg/k8s/kubernetes.go:146.16,148.3 1 0
github.com/orangesys/orangeapi/pkg/k8s/kubernetes.go:152.66,164.2 3 0
github.com/orangesys/orangeapi/pkg/k8s/kubernetes.go:166.60,179.2 3 0
github.com/orangesys/orangeapi/pkg/k8s/kubernetes.go:181.42,183.16 2 0
github.com/orangesys/orangeapi/pkg/k8s/kubernetes.go:187.2,189.16 3 0
github.com/orangesys/orangeapi/pkg/k8s/kubernetes.go:192.2,194.28 2 0
github.com/orangesys/orangeapi/pkg/k8s/kubernetes.go:198.2,198.12 1 0
github.com/orangesys/orangeapi/pkg/k8s/kubernetes.go:183.16,185.3 1 0
github.com/orangesys/orangeapi/pkg/k8s/kubernetes.go:189.16,191.3 1 0
github.com/orangesys/orangeapi/pkg/k8s/kubernetes.go:194.28,196.3 1 0
github.com/orangesys/orangeapi/pkg/k8s/kubernetes.go:201.36,203.16 2 0
github.com/orangesys/orangeapi/pkg/k8s/kubernetes.go:207.2,209.16 3 0
github.com/orangesys/orangeapi/pkg/k8s/kubernetes.go:212.2,214.28 2 0
github.com/orangesys/orangeapi/pkg/k8s/kubernetes.go:218.2,218.12 1 0
github.com/orangesys/orangeapi/pkg/k8s/kubernetes.go:203.16,205.3 1 0
github.com/orangesys/orangeapi/pkg/k8s/kubernetes.go:209.16,211.3 1 0
github.com/orangesys/orangeapi/pkg/k8s/kubernetes.go:214.28,216.3 1 0
github.com/orangesys/orangeapi/pkg/k8s/kubernetes.go:221.42,223.16 2 0
github.com/orangesys/orangeapi/pkg/k8s/kubernetes.go:227.2,229.16 3 0
github.com/orangesys/orangeapi/pkg/k8s/kubernetes.go:233.2,234.16 2 0
github.com/orangesys/orangeapi/pkg/k8s/kubernetes.go:237.2,239.28 2 0
github.com/orangesys/orangeapi/pkg/k8s/kubernetes.go:243.2,243.12 1 0
github.com/orangesys/orangeapi/pkg/k8s/kubernetes.go:223.16,225.3 1 0
github.com/orangesys/orangeapi/pkg/k8s/kubernetes.go:229.16,231.3 1 0
github.com/orangesys/orangeapi/pkg/k8s/kubernetes.go:234.16,236.3 1 0
github.com/orangesys/orangeapi/pkg/k8s/kubernetes.go:239.28,241.3 1 0
github.com/orangesys/orangeapi/pkg/k8s/kubernetes.go:246.36,248.16 2 0
github.com/orangesys/orangeapi/pkg/k8s/kubernetes.go:252.2,254.16 3 0
github.com/orangesys/orangeapi/pkg/k8s/kubernetes.go:258.2,259.16 2 0
github.com/orangesys/orangeapi/pkg/k8s/kubernetes.go:262.2,264.28 2 0
github.com/orangesys/orangeapi/pkg/k8s/kubernetes.go:268.2,268.12 1 0
github.com/orangesys/orangeapi/pkg/k8s/kubernetes.go:248.16,250.3 1 0
github.com/orangesys/orangeapi/pkg/k8s/kubernetes.go:254.16,256.3 1 0
github.com/orangesys/orangeapi/pkg/k8s/kubernetes.go:259.16,261.3 1 0
github.com/orangesys/orangeapi/pkg/k8s/kubernetes.go:264.28,266.3 1 0
github.com/orangesys/orangeapi/pkg/k8s/kubernetes.go:271.46,273.16 2 0
github.com/orangesys/orangeapi/pkg/k8s/kubernetes.go:276.2,276.28 1 0
github.com/orangesys/orangeapi/pkg/k8s/kubernetes.go:279.2,280.16 2 0
github.com/orangesys/orangeapi/pkg/k8s/kubernetes.go:283.2,287.16 4 0
github.com/orangesys/orangeapi/pkg/k8s/kubernetes.go:290.2,290.17 1 0
github.com/orangesys/orangeapi/pkg/k8s/kubernetes.go:273.16,275.3 1 0
github.com/orangesys/orangeapi/pkg/k8s/kubernetes.go:276.28,278.3 1 0
github.com/orangesys/orangeapi/pkg/k8s/kubernetes.go:280.16,282.3 1 0
github.com/orangesys/orangeapi/pkg/k8s/kubernetes.go:287.16,289.3 1 0
github.com/orangesys/orangeapi/pkg/k8s/kubernetes.go:293.31,294.6 1 0
github.com/orangesys/orangeapi/pkg/k8s/kubernetes.go:294.6,296.17 2 0
github.com/orangesys/orangeapi/pkg/k8s/kubernetes.go:301.3,302.9 2 0
github.com/orangesys/orangeapi/pkg/k8s/kubernetes.go:296.17,299.12 3 0
github.com/orangesys/orangeapi/pkg/storage/storage.go:16.54,20.16 2 0
github.com/orangesys/orangeapi/pkg/storage/storage.go:23.2,23.10 1 0
github.com/orangesys/orangeapi/pkg/storage/storage.go:20.16,22.3 1 0
github.com/orangesys/orangeapi/pkg/storage/storage.go:27.53,33.16 3 0
github.com/orangesys/orangeapi/pkg/storage/storage.go:36.2,36.25 1 0
github.com/orangesys/orangeapi/pkg/storage/storage.go:40.2,41.16 2 0
github.com/orangesys/orangeapi/pkg/storage/storage.go:45.2,45.17 1 0
github.com/orangesys/orangeapi/pkg/storage/storage.go:33.16,35.3 1 0
github.com/orangesys/orangeapi/pkg/storage/storage.go:36.25,38.3 1 0
github.com/orangesys/orangeapi/pkg/storage/storage.go:41.16,43.3 1 0
github.com/orangesys/orangeapi/pkg/wheel/wheel.go:40.73,49.16 7 0
github.com/orangesys/orangeapi/pkg/wheel/wheel.go:52.2,55.16 3 0
github.com/orangesys/orangeapi/pkg/wheel/wheel.go:59.2,62.16 3 0
github.com/orangesys/orangeapi/pkg/wheel/wheel.go:67.2,67.12 1 0
github.com/orangesys/orangeapi/pkg/wheel/wheel.go:49.16,51.3 1 0
github.com/orangesys/orangeapi/pkg/wheel/wheel.go:55.16,57.3 1 0
github.com/orangesys/orangeapi/pkg/wheel/wheel.go:62.16,65.3 2 0
github.com/orangesys/orangeapi/pkg/wheel/wheel.go:71.45,77.16 6 0
github.com/orangesys/orangeapi/pkg/wheel/wheel.go:80.2,80.12 1 0
github.com/orangesys/orangeapi/pkg/wheel/wheel.go:77.16,79.3 1 0
github.com/orangesys/orangeapi/pkg/server/server.go:16.39,18.2 1 0
github.com/orangesys/orangeapi/pkg/server/server.go:20.41,23.55 3 0
github.com/orangesys/orangeapi/pkg/server/server.go:27.2,29.16 3 0
github.com/orangesys/orangeapi/pkg/server/server.go:33.2,38.40 3 0
github.com/orangesys/orangeapi/pkg/server/server.go:23.55,26.3 2 0
github.com/orangesys/orangeapi/pkg/server/server.go:29.16,32.3 2 0
github.com/orangesys/orangeapi/pkg/server/server.go:41.35,51.39 4 0
github.com/orangesys/orangeapi/pkg/server/server.go:64.2,64.74 1 0
github.com/orangesys/orangeapi/pkg/server/server.go:51.39,52.56 1 0
github.com/orangesys/orangeapi/pkg/server/server.go:57.3,58.83 2 0
github.com/orangesys/orangeapi/pkg/server/server.go:62.3,62.47 1 0
github.com/orangesys/orangeapi/pkg/server/server.go:52.56,55.4 2 0
github.com/orangesys/orangeapi/pkg/server/server.go:58.83,61.4 2 0
github.com/orangesys/orangeapi/pkg/server/server.go:68.12,92.2 8 0
mode: atomic
github.com/orangesys/orangeapi/pkg/common/jwt.go:14.50,20.16 5 0
github.com/orangesys/orangeapi/pkg/common/jwt.go:23.2,23.25 1 0
github.com/orangesys/orangeapi/pkg/common/jwt.go:20.16,22.3 1 0
github.com/orangesys/orangeapi/pkg/common/releasename.go:8.27,12.26 4 0
github.com/orangesys/orangeapi/pkg/common/releasename.go:15.2,15.22 1 0
github.com/orangesys/orangeapi/pkg/common/releasename.go:12.26,14.3 1 0
github.com/orangesys/orangeapi/pkg/common/uuid.go:10.29,13.34 3 0
github.com/orangesys/orangeapi/pkg/common/uuid.go:17.2,21.37 3 0
github.com/orangesys/orangeapi/pkg/common/uuid.go:13.34,15.3 1 0
mode: atomic
github.com/orangesys/orangeapi/pkg/config/config.go:27.51,30.16 3 0
github.com/orangesys/orangeapi/pkg/config/config.go:33.2,33.31 1 0
github.com/orangesys/orangeapi/pkg/config/config.go:36.2,36.21 1 0
github.com/orangesys/orangeapi/pkg/config/config.go:30.16,32.3 1 0
github.com/orangesys/orangeapi/pkg/config/config.go:33.31,35.3 1 0
github.com/orangesys/orangeapi/pkg/config/config.go:40.59,43.16 3 0
github.com/orangesys/orangeapi/pkg/config/config.go:46.2,46.21 1 0
github.com/orangesys/orangeapi/pkg/config/config.go:43.16,45.3 1 0
mode: atomic
github.com/orangesys/orangeapi/pkg/firebase/firebase.go:19.51,23.16 4 0
github.com/orangesys/orangeapi/pkg/firebase/firebase.go:26.2,26.14 1 0
github.com/orangesys/orangeapi/pkg/firebase/firebase.go:29.2,29.12 1 0
github.com/orangesys/orangeapi/pkg/firebase/firebase.go:23.16,25.3 1 0
github.com/orangesys/orangeapi/pkg/firebase/firebase.go:26.14,28.3 1 0
github.com/orangesys/orangeapi/pkg/firebase/firebase.go:33.51,38.16 4 0
github.com/orangesys/orangeapi/pkg/firebase/firebase.go:41.2,41.12 1 0
github.com/orangesys/orangeapi/pkg/firebase/firebase.go:38.16,40.3 1 0
